# JRE version: Java(TM) SE Runtime Environment (7.0_72-b14) (build 1.7.0_72-b14)
# Java VM: Java HotSpot(TM) 64-Bit Server VM (24.72-b04 mixed mode linux-amd64 compressed oops)
Heap
 PSYoungGen      total 130048K, used 7136K [0x00000000ed500000, 0x00000000f5b00000, 0x0000000100000000)
  eden space 122880K, 0% used [0x00000000ed500000,0x00000000ed500000,0x00000000f4d00000)
  from space 7168K, 99% used [0x00000000f4d00000,0x00000000f53f8040,0x00000000f5400000)
  to   space 7168K, 0% used [0x00000000f5400000,0x00000000f5400000,0x00000000f5b00000)
 ParOldGen       total 37888K, used 21810K [0x00000000c8000000, 0x00000000ca500000, 0x00000000ed500000)
  object space 37888K, 57% used [0x00000000c8000000,0x00000000c954cbf8,0x00000000ca500000)
 PSPermGen       total 21504K, used 19939K [0x00000000c2e00000, 0x00000000c4300000, 0x00000000c8000000)
  object space 21504K, 92% used [0x00000000c2e00000,0x00000000c4178f18,0x00000000c4300000)
GC Heap History (10 events):
Event: 1.623 GC heap after
Heap after GC invocations=2 (full 0):
 PSYoungGen      total 32768K, used 2017K [0x00000000ed500000, 0x00000000ef700000, 0x0000000100000000)
  eden space 30720K, 0% used [0x00000000ed500000,0x00000000ed500000,0x00000000ef300000)
  from space 2048K, 98% used [0x00000000ef500000,0x00000000ef6f8760,0x00000000ef700000)
  to   space 2048K, 0% used [0x00000000ef300000,0x00000000ef300000,0x00000000ef500000)
 ParOldGen       total 37888K, used 1578K [0x00000000c8000000, 0x00000000ca500000, 0x00000000ed500000)
  object space 37888K, 4% used [0x00000000c8000000,0x00000000c818a940,0x00000000ca500000)
 PSPermGen       total 21504K, used 7672K [0x00000000c2e00000, 0x00000000c4300000, 0x00000000c8000000)
  object space 21504K, 35% used [0x00000000c2e00000,0x00000000c357e260,0x00000000c4300000)
}
Event: 2.701 GC heap before
{Heap before GC invocations=3 (full 0):
 PSYoungGen      total 32768K, used 32737K [0x00000000ed500000, 0x00000000ef700000, 0x0000000100000000)
  eden space 30720K, 100% used [0x00000000ed500000,0x00000000ef300000,0x00000000ef300000)
  from space 2048K, 98% used [0x00000000ef500000,0x00000000ef6f8760,0x00000000ef700000)
  to   space 2048K, 0% used [0x00000000ef300000,0x00000000ef300000,0x00000000ef500000)
 ParOldGen       total 37888K, used 1578K [0x00000000c8000000, 0x00000000ca500000, 0x00000000ed500000)
  object space 37888K, 4% used [0x00000000c8000000,0x00000000c818a940,0x00000000ca500000)
 PSPermGen       total 21504K, used 10883K [0x00000000c2e00000, 0x00000000c4300000, 0x00000000c8000000)
  object space 21504K, 50% used [0x00000000c2e00000,0x00000000c38a0fc8,0x00000000c4300000)
Event: 2.728 GC heap after
Heap after GC invocations=3 (full 0):
 PSYoungGen      total 32768K, used 2032K [0x00000000ed500000, 0x00000000f1500000, 0x0000000100000000)
  eden space 30720K, 0% used [0x00000000ed500000,0x00000000ed500000,0x00000000ef300000)
  from space 2048K, 99% used [0x00000000ef300000,0x00000000ef4fc010,0x00000000ef500000)
  to   space 2048K, 0% used [0x00000000f1300000,0x00000000f1300000,0x00000000f1500000)
 ParOldGen       total 37888K, used 4239K [0x00000000c8000000, 0x00000000ca500000, 0x00000000ed500000)
  object space 37888K, 11% used [0x00000000c8000000,0x00000000c8423ca8,0x00000000ca500000)
 PSPermGen       total 21504K, used 10883K [0x00000000c2e00000, 0x00000000c4300000, 0x00000000c8000000)
  object space 21504K, 50% used [0x00000000c2e00000,0x00000000c38a0fc8,0x00000000c4300000)
}
Event: 4.500 GC heap before
{Heap before GC invocations=4 (full 0):
 PSYoungGen      total 32768K, used 32752K [0x00000000ed500000, 0x00000000f1500000, 0x0000000100000000)
  eden space 30720K, 100% used [0x00000000ed500000,0x00000000ef300000,0x00000000ef300000)
  from space 2048K, 99% used [0x00000000ef300000,0x00000000ef4fc010,0x00000000ef500000)
  to   space 2048K, 0% used [0x00000000f1300000,0x00000000f1300000,0x00000000f1500000)
 ParOldGen       total 37888K, used 4239K [0x00000000c8000000, 0x00000000ca500000, 0x00000000ed500000)
  object space 37888K, 11% used [0x00000000c8000000,0x00000000c8423ca8,0x00000000ca500000)
 PSPermGen       total 21504K, used 13473K [0x00000000c2e00000, 0x00000000c4300000, 0x00000000c8000000)
  object space 21504K, 62% used [0x00000000c2e00000,0x00000000c3b28470,0x00000000c4300000)
Event: 4.529 GC heap after
Heap after GC invocations=4 (full 0):
 PSYoungGen      total 63488K, used 2048K [0x00000000ed500000, 0x00000000f1500000, 0x0000000100000000)
  eden space 61440K, 0% used [0x00000000ed500000,0x00000000ed500000,0x00000000f1100000)
  from space 2048K, 100% used [0x00000000f1300000,0x00000000f1500000,0x00000000f1500000)
  to   space 2048K, 0% used [0x00000000f1100000,0x00000000f1100000,0x00000000f1300000)
 ParOldGen       total 37888K, used 8319K [0x00000000c8000000, 0x00000000ca500000, 0x00000000ed500000)
  object space 37888K, 21% used [0x00000000c8000000,0x00000000c881ffc8,0x00000000ca500000)
 PSPermGen       total 21504K, used 13473K [0x00000000c2e00000, 0x00000000c4300000, 0x00000000c8000000)
  object space 21504K, 62% used [0x00000000c2e00000,0x00000000c3b28470,0x00000000c4300000)
}
Event: 10.420 GC heap before
{Heap before GC invocations=5 (full 0):
 PSYoungGen      total 63488K, used 63488K [0x00000000ed500000, 0x00000000f1500000, 0x0000000100000000)
  eden space 61440K, 100% used [0x00000000ed500000,0x00000000f1100000,0x00000000f1100000)
  from space 2048K, 100% used [0x00000000f1300000,0x00000000f1500000,0x00000000f1500000)
  to   space 2048K, 0% used [0x00000000f1100000,0x00000000f1100000,0x00000000f1300000)
 ParOldGen       total 37888K, used 8319K [0x00000000c8000000, 0x00000000ca500000, 0x00000000ed500000)
  object space 37888K, 21% used [0x00000000c8000000,0x00000000c881ffc8,0x00000000ca500000)
 PSPermGen       total 21504K, used 13717K [0x00000000c2e00000, 0x00000000c4300000, 0x00000000c8000000)
  object space 21504K, 63% used [0x00000000c2e00000,0x00000000c3b65660,0x00000000c4300000)
Event: 11.122 GC heap after
Heap after GC invocations=5 (full 0):
 PSYoungGen      total 63488K, used 2048K [0x00000000ed500000, 0x00000000f5b00000, 0x0000000100000000)
  eden space 61440K, 0% used [0x00000000ed500000,0x00000000ed500000,0x00000000f1100000)
  from space 2048K, 100% used [0x00000000f1100000,0x00000000f1300000,0x00000000f1300000)
  to   space 7168K, 0% used [0x00000000f5400000,0x00000000f5400000,0x00000000f5b00000)
 ParOldGen       total 37888K, used 11255K [0x00000000c8000000, 0x00000000ca500000, 0x00000000ed500000)
  object space 37888K, 29% used [0x00000000c8000000,0x00000000c8afdcd8,0x00000000ca500000)
 PSPermGen       total 21504K, used 13717K [0x00000000c2e00000, 0x00000000c4300000, 0x00000000c8000000)
  object space 21504K, 63% used [0x00000000c2e00000,0x00000000c3b65660,0x00000000c4300000)
}
Event: 13.240 GC heap before
{Heap before GC invocations=6 (full 0):
 PSYoungGen      total 63488K, used 63488K [0x00000000ed500000, 0x00000000f5b00000, 0x0000000100000000)
  eden space 61440K, 100% used [0x00000000ed500000,0x00000000f1100000,0x00000000f1100000)
  from space 2048K, 100% used [0x00000000f1100000,0x00000000f1300000,0x00000000f1300000)
  to   space 7168K, 0% used [0x00000000f5400000,0x00000000f5400000,0x00000000f5b00000)
 ParOldGen       total 37888K, used 11255K [0x00000000c8000000, 0x00000000ca500000, 0x00000000ed500000)
  object space 37888K, 29% used [0x00000000c8000000,0x00000000c8afdcd8,0x00000000ca500000)
 PSPermGen       total 21504K, used 14353K [0x00000000c2e00000, 0x00000000c4300000, 0x00000000c8000000)
  object space 21504K, 66% used [0x00000000c2e00000,0x00000000c3c04460,0x00000000c4300000)
Event: 13.257 GC heap after
Heap after GC invocations=6 (full 0):
 PSYoungGen      total 130048K, used 5170K [0x00000000ed500000, 0x00000000f5b00000, 0x0000000100000000)
  eden space 122880K, 0% used [0x00000000ed500000,0x00000000ed500000,0x00000000f4d00000)
  from space 7168K, 72% used [0x00000000f5400000,0x00000000f590cab0,0x00000000f5b00000)
  to   space 7168K, 0% used [0x00000000f4d00000,0x00000000f4d00000,0x00000000f5400000)
 ParOldGen       total 37888K, used 11255K [0x00000000c8000000, 0x00000000ca500000, 0x00000000ed500000)
  object space 37888K, 29% used [0x00000000c8000000,0x00000000c8afdcd8,0x00000000ca500000)
 PSPermGen       total 21504K, used 14353K [0x00000000c2e00000, 0x00000000c4300000, 0x00000000c8000000)
  object space 21504K, 66% used [0x00000000c2e00000,0x00000000c3c04460,0x00000000c4300000)
}
Event: 16.959 GC heap before
{Heap before GC invocations=7 (full 0):
 PSYoungGen      total 130048K, used 128050K [0x00000000ed500000, 0x00000000f5b00000, 0x0000000100000000)
  eden space 122880K, 100% used [0x00000000ed500000,0x00000000f4d00000,0x00000000f4d00000)
  from space 7168K, 72% used [0x00000000f5400000,0x00000000f590cab0,0x00000000f5b00000)
  to   space 7168K, 0% used [0x00000000f4d00000,0x00000000f4d00000,0x00000000f5400000)
 ParOldGen       total 37888K, used 11255K [0x00000000c8000000, 0x00000000ca500000, 0x00000000ed500000)
  object space 37888K, 29% used [0x00000000c8000000,0x00000000c8afdcd8,0x00000000ca500000)
 PSPermGen       total 21504K, used 19939K [0x00000000c2e00000, 0x00000000c4300000, 0x00000000c8000000)
  object space 21504K, 92% used [0x00000000c2e00000,0x00000000c4178f18,0x00000000c4300000)

