# JRE version: Java(TM) SE Runtime Environment (7.0_72-b14) (build 1.7.0_72-b14)
# Java VM: Java HotSpot(TM) 64-Bit Server VM (24.72-b04 mixed mode linux-amd64 compressed oops)
Heap
 PSYoungGen      total 129536K, used 11243K [0x00000000ed500000, 0x00000000f6300000, 0x0000000100000000)
  eden space 118272K, 0% used [0x00000000ed500000,0x00000000ed500000,0x00000000f4880000)
  from space 11264K, 99% used [0x00000000f4880000,0x00000000f537ad30,0x00000000f5380000)
  to   space 6656K, 0% used [0x00000000f5380000,0x00000000f5380000,0x00000000f5a00000)
 ParOldGen       total 37888K, used 28442K [0x00000000c8000000, 0x00000000ca500000, 0x00000000ed500000)
  object space 37888K, 75% used [0x00000000c8000000,0x00000000c9bc6bb8,0x00000000ca500000)
 PSPermGen       total 21504K, used 20396K [0x00000000c2e00000, 0x00000000c4300000, 0x00000000c8000000)
  object space 21504K, 94% used [0x00000000c2e00000,0x00000000c41eb2e8,0x00000000c4300000)
GC Heap History (10 events):
Event: 1.803 GC heap after
Heap after GC invocations=4 (full 0):
 PSYoungGen      total 32768K, used 2032K [0x00000000ed500000, 0x00000000ef700000, 0x0000000100000000)
  eden space 30720K, 0% used [0x00000000ed500000,0x00000000ed500000,0x00000000ef300000)
  from space 2048K, 99% used [0x00000000ef500000,0x00000000ef6fc010,0x00000000ef700000)
  to   space 2048K, 0% used [0x00000000ef300000,0x00000000ef300000,0x00000000ef500000)
 ParOldGen       total 37888K, used 4225K [0x00000000c8000000, 0x00000000ca500000, 0x00000000ed500000)
  object space 37888K, 11% used [0x00000000c8000000,0x00000000c84207c8,0x00000000ca500000)
 PSPermGen       total 21504K, used 10896K [0x00000000c2e00000, 0x00000000c4300000, 0x00000000c8000000)
  object space 21504K, 50% used [0x00000000c2e00000,0x00000000c38a4310,0x00000000c4300000)
}
Event: 2.839 GC heap before
{Heap before GC invocations=5 (full 0):
 PSYoungGen      total 32768K, used 32752K [0x00000000ed500000, 0x00000000ef700000, 0x0000000100000000)
  eden space 30720K, 100% used [0x00000000ed500000,0x00000000ef300000,0x00000000ef300000)
  from space 2048K, 99% used [0x00000000ef500000,0x00000000ef6fc010,0x00000000ef700000)
  to   space 2048K, 0% used [0x00000000ef300000,0x00000000ef300000,0x00000000ef500000)
 ParOldGen       total 37888K, used 4225K [0x00000000c8000000, 0x00000000ca500000, 0x00000000ed500000)
  object space 37888K, 11% used [0x00000000c8000000,0x00000000c84207c8,0x00000000ca500000)
 PSPermGen       total 21504K, used 13476K [0x00000000c2e00000, 0x00000000c4300000, 0x00000000c8000000)
  object space 21504K, 62% used [0x00000000c2e00000,0x00000000c3b293f0,0x00000000c4300000)
Event: 2.852 GC heap after
Heap after GC invocations=5 (full 0):
 PSYoungGen      total 32768K, used 2048K [0x00000000ed500000, 0x00000000f1d00000, 0x0000000100000000)
  eden space 30720K, 0% used [0x00000000ed500000,0x00000000ed500000,0x00000000ef300000)
  from space 2048K, 100% used [0x00000000ef300000,0x00000000ef500000,0x00000000ef500000)
  to   space 6144K, 0% used [0x00000000f1700000,0x00000000f1700000,0x00000000f1d00000)
 ParOldGen       total 37888K, used 8314K [0x00000000c8000000, 0x00000000ca500000, 0x00000000ed500000)
  object space 37888K, 21% used [0x00000000c8000000,0x00000000c881ebf8,0x00000000ca500000)
 PSPermGen       total 21504K, used 13476K [0x00000000c2e00000, 0x00000000c4300000, 0x00000000c8000000)
  object space 21504K, 62% used [0x00000000c2e00000,0x00000000c3b293f0,0x00000000c4300000)
}
Event: 3.363 GC heap before
{Heap before GC invocations=6 (full 0):
 PSYoungGen      total 32768K, used 32768K [0x00000000ed500000, 0x00000000f1d00000, 0x0000000100000000)
  eden space 30720K, 100% used [0x00000000ed500000,0x00000000ef300000,0x00000000ef300000)
  from space 2048K, 100% used [0x00000000ef300000,0x00000000ef500000,0x00000000ef500000)
  to   space 6144K, 0% used [0x00000000f1700000,0x00000000f1700000,0x00000000f1d00000)
 ParOldGen       total 37888K, used 8314K [0x00000000c8000000, 0x00000000ca500000, 0x00000000ed500000)
  object space 37888K, 21% used [0x00000000c8000000,0x00000000c881ebf8,0x00000000ca500000)
 PSPermGen       total 21504K, used 13578K [0x00000000c2e00000, 0x00000000c4300000, 0x00000000c8000000)
  object space 21504K, 63% used [0x00000000c2e00000,0x00000000c3b42860,0x00000000c4300000)
Event: 3.377 GC heap after
Heap after GC invocations=6 (full 0):
 PSYoungGen      total 66560K, used 3824K [0x00000000ed500000, 0x00000000f1c00000, 0x0000000100000000)
  eden space 61440K, 0% used [0x00000000ed500000,0x00000000ed500000,0x00000000f1100000)
  from space 5120K, 74% used [0x00000000f1700000,0x00000000f1abc010,0x00000000f1c00000)
  to   space 5632K, 0% used [0x00000000f1100000,0x00000000f1100000,0x00000000f1680000)
 ParOldGen       total 37888K, used 8314K [0x00000000c8000000, 0x00000000ca500000, 0x00000000ed500000)
  object space 37888K, 21% used [0x00000000c8000000,0x00000000c881ebf8,0x00000000ca500000)
 PSPermGen       total 21504K, used 13578K [0x00000000c2e00000, 0x00000000c4300000, 0x00000000c8000000)
  object space 21504K, 63% used [0x00000000c2e00000,0x00000000c3b42860,0x00000000c4300000)
}
Event: 4.476 GC heap before
{Heap before GC invocations=7 (full 0):
 PSYoungGen      total 66560K, used 65264K [0x00000000ed500000, 0x00000000f1c00000, 0x0000000100000000)
  eden space 61440K, 100% used [0x00000000ed500000,0x00000000f1100000,0x00000000f1100000)
  from space 5120K, 74% used [0x00000000f1700000,0x00000000f1abc010,0x00000000f1c00000)
  to   space 5632K, 0% used [0x00000000f1100000,0x00000000f1100000,0x00000000f1680000)
 ParOldGen       total 37888K, used 8314K [0x00000000c8000000, 0x00000000ca500000, 0x00000000ed500000)
  object space 37888K, 21% used [0x00000000c8000000,0x00000000c881ebf8,0x00000000ca500000)
 PSPermGen       total 21504K, used 14202K [0x00000000c2e00000, 0x00000000c4300000, 0x00000000c8000000)
  object space 21504K, 66% used [0x00000000c2e00000,0x00000000c3bde900,0x00000000c4300000)
Event: 4.490 GC heap after
Heap after GC invocations=7 (full 0):
 PSYoungGen      total 67072K, used 5623K [0x00000000ed500000, 0x00000000f5a00000, 0x0000000100000000)
  eden space 61440K, 0% used [0x00000000ed500000,0x00000000ed500000,0x00000000f1100000)
  from space 5632K, 99% used [0x00000000f1100000,0x00000000f167dcc0,0x00000000f1680000)
  to   space 6656K, 0% used [0x00000000f5380000,0x00000000f5380000,0x00000000f5a00000)
 ParOldGen       total 37888K, used 9193K [0x00000000c8000000, 0x00000000ca500000, 0x00000000ed500000)
  object space 37888K, 24% used [0x00000000c8000000,0x00000000c88fa7b8,0x00000000ca500000)
 PSPermGen       total 21504K, used 14202K [0x00000000c2e00000, 0x00000000c4300000, 0x00000000c8000000)
  object space 21504K, 66% used [0x00000000c2e00000,0x00000000c3bde900,0x00000000c4300000)
}
Event: 6.166 GC heap before
{Heap before GC invocations=8 (full 0):
 PSYoungGen      total 67072K, used 67063K [0x00000000ed500000, 0x00000000f5a00000, 0x0000000100000000)
  eden space 61440K, 100% used [0x00000000ed500000,0x00000000f1100000,0x00000000f1100000)
  from space 5632K, 99% used [0x00000000f1100000,0x00000000f167dcc0,0x00000000f1680000)
  to   space 6656K, 0% used [0x00000000f5380000,0x00000000f5380000,0x00000000f5a00000)
 ParOldGen       total 37888K, used 9193K [0x00000000c8000000, 0x00000000ca500000, 0x00000000ed500000)
  object space 37888K, 24% used [0x00000000c8000000,0x00000000c88fa7b8,0x00000000ca500000)
 PSPermGen       total 21504K, used 18102K [0x00000000c2e00000, 0x00000000c4300000, 0x00000000c8000000)
  object space 21504K, 84% used [0x00000000c2e00000,0x00000000c3fad9e0,0x00000000c4300000)
Event: 6.190 GC heap after
Heap after GC invocations=8 (full 0):
 PSYoungGen      total 124928K, used 6631K [0x00000000ed500000, 0x00000000f6300000, 0x0000000100000000)
  eden space 118272K, 0% used [0x00000000ed500000,0x00000000ed500000,0x00000000f4880000)
  from space 6656K, 99% used [0x00000000f5380000,0x00000000f59f9c30,0x00000000f5a00000)
  to   space 11264K, 0% used [0x00000000f4880000,0x00000000f4880000,0x00000000f5380000)
 ParOldGen       total 37888K, used 16827K [0x00000000c8000000, 0x00000000ca500000, 0x00000000ed500000)
  object space 37888K, 44% used [0x00000000c8000000,0x00000000c906ee10,0x00000000ca500000)
 PSPermGen       total 21504K, used 18102K [0x00000000c2e00000, 0x00000000c4300000, 0x00000000c8000000)
  object space 21504K, 84% used [0x00000000c2e00000,0x00000000c3fad9e0,0x00000000c4300000)
}
Event: 9.455 GC heap before
{Heap before GC invocations=9 (full 0):
 PSYoungGen      total 124928K, used 124903K [0x00000000ed500000, 0x00000000f6300000, 0x0000000100000000)
  eden space 118272K, 100% used [0x00000000ed500000,0x00000000f4880000,0x00000000f4880000)
  from space 6656K, 99% used [0x00000000f5380000,0x00000000f59f9c30,0x00000000f5a00000)
  to   space 11264K, 0% used [0x00000000f4880000,0x00000000f4880000,0x00000000f5380000)
 ParOldGen       total 37888K, used 16827K [0x00000000c8000000, 0x00000000ca500000, 0x00000000ed500000)
  object space 37888K, 44% used [0x00000000c8000000,0x00000000c906ee10,0x00000000ca500000)
 PSPermGen       total 21504K, used 20396K [0x00000000c2e00000, 0x00000000c4300000, 0x00000000c8000000)
  object space 21504K, 94% used [0x00000000c2e00000,0x00000000c41eb2e8,0x00000000c4300000)

